\BOOKMARK [0][-]{dedication.0}{\376\377\000D\000e\000d\000i\000c\000a\000t\000i\000o\000n}{}% 1
\BOOKMARK [0][-]{section*.1}{\376\377\000C\000o\000n\000t\000e\000n\000t\000s}{}% 2
\BOOKMARK [0][-]{chapter.1}{\376\377\000I\000n\000t\000r\000o\000d\000u\000c\000t\000i\000o\000n\000\040\000t\000o\000\040\000D\000e\000e\000p\000\040\000L\000e\000a\000r\000n\000i\000n\000g}{}% 3
\BOOKMARK [1][-]{section.1.1}{\376\377\000M\000a\000t\000h\000e\000m\000a\000t\000i\000c\000s\000\040\000f\000o\000r\000\040\000D\000e\000e\000p\000\040\000L\000e\000a\000r\000n\000i\000n\000g}{chapter.1}% 4
\BOOKMARK [1][-]{section.1.2}{\376\377\000A\000r\000t\000i\000f\000i\000c\000i\000a\000l\000\040\000N\000e\000u\000r\000a\000l\000\040\000N\000e\000t\000w\000o\000r\000k\000s}{chapter.1}% 5
\BOOKMARK [2][-]{subsection.1.2.1}{\376\377\000F\000e\000e\000d\000f\000o\000r\000w\000a\000r\000d\000\040\000N\000e\000u\000r\000a\000l\000\040\000N\000e\000t\000w\000o\000r\000k\000s}{section.1.2}% 6
\BOOKMARK [1][-]{section.1.3}{\376\377\000D\000i\000f\000f\000e\000r\000e\000n\000t\000\040\000D\000e\000e\000p\000\040\000L\000e\000a\000r\000n\000i\000n\000g\000\040\000A\000l\000g\000o\000r\000i\000t\000h\000m\000s}{chapter.1}% 7
\BOOKMARK [2][-]{subsection.1.3.1}{\376\377\000C\000o\000n\000v\000o\000l\000u\000t\000i\000o\000n\000a\000l\000\040\000N\000e\000u\000r\000a\000l\000\040\000N\000e\000t\000w\000o\000r\000k}{section.1.3}% 8
\BOOKMARK [2][-]{subsection.1.3.2}{\376\377\000R\000e\000c\000u\000r\000r\000e\000n\000t\000\040\000N\000e\000u\000r\000a\000l\000\040\000N\000e\000t\000w\000o\000r\000k}{section.1.3}% 9
\BOOKMARK [2][-]{subsection.1.3.3}{\376\377\000L\000o\000n\000g\000\040\000S\000h\000o\000r\000t\000-\000T\000e\000r\000m\000\040\000M\000e\000m\000o\000r\000y\000\040\000\050\000L\000S\000T\000M\000\051}{section.1.3}% 10
\BOOKMARK [2][-]{subsection.1.3.4}{\376\377\000G\000e\000n\000e\000r\000a\000t\000i\000v\000e\000\040\000A\000d\000v\000e\000r\000s\000a\000r\000i\000a\000l\000\040\000N\000e\000t\000w\000o\000r\000k}{section.1.3}% 11
\BOOKMARK [1][-]{section.1.4}{\376\377\000I\000n\000t\000r\000o\000d\000u\000c\000t\000i\000o\000n\000\040\000t\000o\000\040\000P\000y\000t\000h\000o\000n\000\040\000E\000n\000v\000i\000r\000o\000n\000m\000e\000n\000t}{chapter.1}% 12
\BOOKMARK [2][-]{subsection.1.4.1}{\376\377\000G\000e\000t\000t\000i\000n\000g\000\040\000s\000t\000a\000r\000t\000e\000d\000\040\000w\000i\000t\000h\000\040\000G\000o\000o\000g\000l\000e\000\040\000C\000o\000l\000a\000b}{section.1.4}% 13
\BOOKMARK [1][-]{section.1.5}{\376\377\000K\000n\000o\000w\000l\000e\000d\000g\000e\000\040\000T\000e\000s\000t}{chapter.1}% 14
\BOOKMARK [2][-]{subsection.1.5.1}{\376\377\000S\000u\000p\000e\000r\000v\000i\000s\000e\000d\000\040\000o\000r\000\040\000U\000n\000s\000u\000p\000e\000r\000v\000i\000s\000e\000d\000?}{section.1.5}% 15
\BOOKMARK [2][-]{subsection.1.5.2}{\376\377\000R\000e\000g\000r\000e\000s\000s\000i\000o\000n\000,\000\040\000C\000l\000a\000s\000s\000i\000f\000i\000c\000a\000t\000i\000o\000n\000\040\000o\000r\000\040\000C\000l\000u\000s\000t\000e\000r\000i\000n\000g}{section.1.5}% 16
\BOOKMARK [0][-]{chapter.2}{\376\377\000R\000e\000g\000r\000e\000s\000s\000i\000o\000n}{}% 17
\BOOKMARK [1][-]{section.2.1}{\376\377\000L\000i\000n\000e\000a\000r\000\040\000R\000e\000g\000r\000e\000s\000s\000i\000o\000n}{chapter.2}% 18
\BOOKMARK [2][-]{subsection.2.1.1}{\376\377\000S\000i\000m\000p\000l\000e\000\040\000L\000i\000n\000e\000a\000r\000\040\000R\000e\000g\000r\000e\000s\000s\000i\000o\000n}{section.2.1}% 19
\BOOKMARK [2][-]{subsection.2.1.2}{\376\377\000M\000u\000l\000t\000i\000p\000l\000e\000\040\000L\000i\000n\000e\000a\000r\000\040\000R\000e\000g\000r\000e\000s\000s\000i\000o\000n}{section.2.1}% 20
\BOOKMARK [2][-]{subsection.2.1.3}{\376\377\000F\000e\000a\000t\000u\000r\000e\000\040\000S\000c\000a\000l\000i\000n\000g}{section.2.1}% 21
\BOOKMARK [2][-]{subsection.2.1.4}{\376\377\000A\000s\000s\000u\000m\000p\000t\000i\000o\000n\000s}{section.2.1}% 22
\BOOKMARK [2][-]{subsection.2.1.5}{\376\377\000K\000n\000o\000w\000l\000e\000d\000g\000e\000\040\000T\000e\000s\000t}{section.2.1}% 23
\BOOKMARK [1][-]{section.2.2}{\376\377\000G\000r\000a\000d\000i\000e\000n\000t\000\040\000D\000e\000s\000c\000e\000n\000t\000\040\000M\000e\000t\000h\000o\000d}{chapter.2}% 24
\BOOKMARK [2][-]{subsection.2.2.1}{\376\377\000K\000n\000o\000w\000l\000e\000d\000g\000e\000\040\000T\000e\000s\000t}{section.2.2}% 25
\BOOKMARK [1][-]{section.2.3}{\376\377\000P\000o\000l\000y\000n\000o\000m\000i\000a\000l\000\040\000R\000e\000g\000r\000e\000s\000s\000i\000o\000n}{chapter.2}% 26
\BOOKMARK [2][-]{subsection.2.3.1}{\376\377\000M\000u\000l\000t\000i\000p\000l\000e\000\040\000F\000e\000a\000t\000u\000r\000e\000s}{section.2.3}% 27
\BOOKMARK [2][-]{subsection.2.3.2}{\376\377\000I\000m\000p\000l\000e\000m\000e\000n\000t\000a\000t\000i\000o\000n}{section.2.3}% 28
\BOOKMARK [2][-]{subsection.2.3.3}{\376\377\000H\000y\000p\000e\000r\000-\000p\000a\000r\000a\000m\000e\000t\000e\000r}{section.2.3}% 29
\BOOKMARK [2][-]{subsection.2.3.4}{\376\377\000K\000n\000o\000w\000l\000e\000d\000g\000e\000\040\000T\000e\000s\000t}{section.2.3}% 30
\BOOKMARK [1][-]{section.2.4}{\376\377\000M\000o\000d\000e\000l\000\040\000I\000m\000p\000l\000e\000m\000e\000n\000t\000a\000t\000i\000o\000n}{chapter.2}% 31
\BOOKMARK [2][-]{subsection.2.4.1}{\376\377\000D\000a\000t\000a\000\040\000P\000r\000e\000p\000a\000r\000a\000t\000i\000o\000n}{section.2.4}% 32
\BOOKMARK [2][-]{subsection.2.4.2}{\376\377\000D\000a\000t\000a\000\040\000S\000p\000l\000i\000t\000t\000i\000n\000g\000:\000\040\000T\000r\000a\000i\000n\000-\000T\000e\000s\000t\000\040\000S\000p\000l\000i\000t}{section.2.4}% 33
\BOOKMARK [2][-]{subsection.2.4.3}{\376\377\000D\000a\000t\000a\000\040\000M\000o\000d\000e\000l\000l\000i\000n\000g}{section.2.4}% 34
\BOOKMARK [1][-]{section.2.5}{\376\377\000P\000e\000r\000f\000o\000r\000m\000a\000n\000c\000e\000\040\000E\000v\000a\000l\000u\000a\000t\000i\000o\000n}{chapter.2}% 35
\BOOKMARK [2][-]{subsection.2.5.1}{\376\377\000M\000e\000a\000n\000\040\000A\000b\000s\000o\000l\000u\000t\000e\000\040\000E\000r\000r\000o\000r}{section.2.5}% 36
\BOOKMARK [2][-]{subsection.2.5.2}{\376\377\000M\000e\000a\000n\000\040\000S\000q\000u\000a\000r\000e\000d\000\040\000E\000r\000r\000o\000r}{section.2.5}% 37
\BOOKMARK [2][-]{subsection.2.5.3}{\376\377\000R\0002\000-\000s\000c\000o\000r\000e}{section.2.5}% 38
\BOOKMARK [2][-]{subsection.2.5.4}{\376\377\000I\000m\000p\000l\000e\000m\000e\000n\000t\000a\000t\000i\000o\000n\000\040\000u\000s\000i\000n\000g\000\040\000P\000y\000t\000h\000o\000n}{section.2.5}% 39
\BOOKMARK [2][-]{subsection.2.5.5}{\376\377\000C\000r\000o\000s\000s\000-\000V\000a\000l\000i\000d\000a\000t\000i\000o\000n}{section.2.5}% 40
\BOOKMARK [2][-]{subsection.2.5.6}{\376\377\000B\000i\000a\000s\000\040\000a\000n\000d\000\040\000V\000a\000r\000i\000a\000n\000c\000e\000\040\000T\000r\000a\000d\000e\000-\000o\000f\000f}{section.2.5}% 41
\BOOKMARK [1][-]{section.2.6}{\376\377\000R\000e\000g\000u\000l\000a\000r\000i\000z\000a\000t\000i\000o\000n}{chapter.2}% 42
\BOOKMARK [2][-]{subsection.2.6.1}{\376\377\000L\000a\000s\000s\000o\000\040\000R\000e\000g\000r\000e\000s\000s\000i\000o\000n}{section.2.6}% 43
\BOOKMARK [2][-]{subsection.2.6.2}{\376\377\000R\000i\000d\000g\000e\000\040\000R\000e\000g\000r\000e\000s\000s\000i\000o\000n}{section.2.6}% 44
\BOOKMARK [2][-]{subsection.2.6.3}{\376\377\000L\000a\000s\000s\000o\000\040\000v\000s\000.\000\040\000R\000i\000d\000g\000e}{section.2.6}% 45
\BOOKMARK [1][-]{section.2.7}{\376\377\000H\000y\000p\000e\000r\000-\000P\000a\000r\000a\000m\000e\000t\000e\000r\000\040\000T\000u\000n\000i\000n\000g}{chapter.2}% 46
\BOOKMARK [1][-]{section.2.8}{\376\377\000P\000r\000o\000j\000e\000c\000t\000:\000\040\000S\000a\000l\000e\000\040\000A\000m\000o\000u\000n\000t\000\040\000P\000r\000e\000d\000i\000c\000t\000i\000o\000n}{chapter.2}% 47
\BOOKMARK [2][-]{subsection.2.8.1}{\376\377\000D\000a\000t\000a\000\040\000I\000m\000p\000o\000r\000t\000i\000n\000g}{section.2.8}% 48
\BOOKMARK [2][-]{subsection.2.8.2}{\376\377\000T\000r\000a\000i\000n\000-\000T\000e\000s\000t\000-\000S\000p\000l\000i\000t}{section.2.8}% 49
\BOOKMARK [2][-]{subsection.2.8.3}{\376\377\000M\000o\000d\000e\000l\000i\000n\000g\000\040\000a\000n\000d\000\040\000H\000y\000p\000e\000r\000-\000P\000a\000r\000a\000m\000e\000t\000e\000r\000\040\000T\000u\000n\000i\000n\000g}{section.2.8}% 50
\BOOKMARK [2][-]{subsection.2.8.4}{\376\377\000M\000o\000d\000e\000l\000\040\000E\000v\000a\000l\000u\000a\000t\000i\000o\000n}{section.2.8}% 51
\BOOKMARK [0][-]{chapter.3}{\376\377\000C\000l\000a\000s\000s\000i\000f\000i\000c\000a\000t\000i\000o\000n}{}% 52
\BOOKMARK [1][-]{section.3.1}{\376\377\000P\000e\000r\000f\000o\000r\000m\000a\000n\000c\000e\000\040\000E\000v\000a\000l\000u\000a\000t\000i\000o\000n}{chapter.3}% 53
\BOOKMARK [2][-]{subsection.3.1.1}{\376\377\000C\000o\000n\000f\000u\000s\000i\000o\000n\000\040\000M\000a\000t\000r\000i\000x}{section.3.1}% 54
\BOOKMARK [2][-]{subsection.3.1.2}{\376\377\000A\000c\000c\000u\000r\000a\000c\000y}{section.3.1}% 55
\BOOKMARK [2][-]{subsection.3.1.3}{\376\377\000P\000r\000e\000c\000i\000s\000i\000o\000n}{section.3.1}% 56
\BOOKMARK [2][-]{subsection.3.1.4}{\376\377\000R\000e\000c\000a\000l\000l\000\040\000\050\000S\000e\000n\000s\000i\000t\000i\000v\000i\000t\000y\000\051}{section.3.1}% 57
\BOOKMARK [2][-]{subsection.3.1.5}{\376\377\000T\000r\000u\000e\000\040\000N\000e\000g\000a\000t\000i\000v\000e\000\040\000R\000a\000t\000e\000\040\000\050\000S\000p\000e\000c\000i\000f\000i\000c\000i\000t\000y\000\051}{section.3.1}% 58
\BOOKMARK [2][-]{subsection.3.1.6}{\376\377\000F\000-\000s\000c\000o\000r\000e}{section.3.1}% 59
\BOOKMARK [2][-]{subsection.3.1.7}{\376\377\000A\000r\000e\000a\000\040\000u\000n\000d\000e\000r\000\040\000t\000h\000e\000\040\000R\000O\000C\000\040\000\050\000A\000U\000R\000O\000C\000\040\000o\000r\000\040\000A\000U\000C\000\051}{section.3.1}% 60
\BOOKMARK [1][-]{section.3.2}{\376\377\000L\000o\000g\000i\000s\000t\000i\000c\000\040\000R\000e\000g\000r\000e\000s\000s\000i\000o\000n}{chapter.3}% 61
\BOOKMARK [2][-]{subsection.3.2.1}{\376\377\000L\000o\000g\000i\000s\000t\000i\000c\000\040\000R\000e\000g\000r\000e\000s\000s\000i\000o\000n\000\040\000i\000n\000\040\000P\000y\000t\000h\000o\000n}{section.3.2}% 62
\BOOKMARK [2][-]{subsection.3.2.2}{\376\377\000H\000y\000p\000e\000r\000-\000p\000a\000r\000a\000m\000e\000t\000e\000r\000s}{section.3.2}% 63
\BOOKMARK [1][-]{section.3.3}{\376\377\000K\000\040\000N\000e\000a\000r\000e\000s\000t\000\040\000N\000e\000i\000g\000h\000b\000o\000r\000s\000\040\000o\000r\000\040\000k\000-\000N\000N}{chapter.3}% 64
\BOOKMARK [2][-]{subsection.3.3.1}{\376\377\000D\000i\000s\000t\000a\000n\000c\000e\000\040\000M\000e\000t\000r\000i\000c\000s\000\040\000i\000n\000\040\000k\000-\000N\000N}{section.3.3}% 65
\BOOKMARK [2][-]{subsection.3.3.2}{\376\377\000V\000a\000l\000u\000e\000s\000\040\000o\000f\000\040\000k\000\040\000i\000n\000\040\000k\000-\000N\000N}{section.3.3}% 66
\BOOKMARK [2][-]{subsection.3.3.3}{\376\377\000K\000-\000N\000N\000\040\000i\000n\000\040\000P\000y\000t\000h\000o\000n}{section.3.3}% 67
\BOOKMARK [1][-]{section.3.4}{\376\377\000S\000u\000p\000p\000o\000r\000t\000\040\000V\000e\000c\000t\000o\000r\000\040\000M\000a\000c\000h\000i\000n\000e}{chapter.3}% 68
\BOOKMARK [2][-]{subsection.3.4.1}{\376\377\000H\000y\000p\000e\000r\000p\000l\000a\000n\000e}{section.3.4}% 69
\BOOKMARK [2][-]{subsection.3.4.2}{\376\377\000D\000e\000c\000i\000s\000i\000o\000n\000\040\000b\000o\000u\000n\000d\000a\000r\000y}{section.3.4}% 70
\BOOKMARK [2][-]{subsection.3.4.3}{\376\377\000S\000u\000p\000p\000o\000r\000t\000\040\000V\000e\000c\000t\000o\000r\000s}{section.3.4}% 71
\BOOKMARK [2][-]{subsection.3.4.4}{\376\377\000M\000a\000r\000g\000i\000n}{section.3.4}% 72
\BOOKMARK [2][-]{subsection.3.4.5}{\376\377\000S\000V\000M\000\040\000K\000e\000r\000n\000e\000l\000s}{section.3.4}% 73
\BOOKMARK [2][-]{subsection.3.4.6}{\376\377\000H\000y\000p\000e\000r\000-\000p\000a\000r\000a\000m\000e\000t\000e\000r\000s}{section.3.4}% 74
\BOOKMARK [2][-]{subsection.3.4.7}{\376\377\000L\000i\000n\000e\000a\000r\000\040\000S\000V\000M\000\040\000i\000n\000\040\000P\000y\000t\000h\000o\000n}{section.3.4}% 75
\BOOKMARK [2][-]{subsection.3.4.8}{\376\377\000P\000o\000l\000y\000n\000o\000m\000i\000a\000l\000\040\000K\000e\000r\000n\000e\000l\000\040\000S\000V\000M\000\040\000i\000n\000\040\000P\000y\000t\000h\000o\000n}{section.3.4}% 76
\BOOKMARK [2][-]{subsection.3.4.9}{\376\377\000R\000B\000F\000\040\000K\000e\000r\000n\000e\000l\000\040\000S\000V\000M\000\040\000i\000n\000\040\000P\000y\000t\000h\000o\000n}{section.3.4}% 77
\BOOKMARK [1][-]{section.3.5}{\376\377\000N\000a\000i\000v\000e\000\040\000B\000a\000y\000e\000s\000\040\000C\000l\000a\000s\000s\000i\000f\000i\000e\000r}{chapter.3}% 78
\BOOKMARK [2][-]{subsection.3.5.1}{\376\377\000B\000a\000y\000e\000s\000'\000\040\000T\000h\000e\000o\000r\000e\000m}{section.3.5}% 79
\BOOKMARK [2][-]{subsection.3.5.2}{\376\377\000N\000a\000i\000v\000e\000\040\000B\000a\000y\000e\000s\000\040\000c\000l\000a\000s\000s\000i\000f\000i\000e\000r}{section.3.5}% 80
\BOOKMARK [2][-]{subsection.3.5.3}{\376\377\000T\000y\000p\000e\000s\000\040\000o\000f\000\040\000N\000a\000i\000v\000e\000\040\000B\000a\000y\000e\000s\000\040\000C\000l\000a\000s\000s\000i\000f\000i\000e\000r}{section.3.5}% 81
\BOOKMARK [2][-]{subsection.3.5.4}{\376\377\000I\000m\000p\000l\000e\000m\000e\000n\000t\000a\000t\000i\000o\000n\000\040\000i\000n\000\040\000P\000y\000t\000h\000o\000n}{section.3.5}% 82
\BOOKMARK [1][-]{section.3.6}{\376\377\000P\000r\000o\000j\000e\000c\000t\000:\000\040\000F\000r\000a\000u\000d\000\040\000D\000e\000t\000e\000c\000t\000i\000o\000n}{chapter.3}% 83
\BOOKMARK [2][-]{subsection.3.6.1}{\376\377\000D\000a\000t\000a\000\040\000I\000m\000p\000o\000r\000t\000i\000n\000g}{section.3.6}% 84
\BOOKMARK [2][-]{subsection.3.6.2}{\376\377\000S\000p\000l\000i\000t\000t\000i\000n\000g\000\040\000t\000h\000e\000\040\000d\000a\000t\000a}{section.3.6}% 85
\BOOKMARK [2][-]{subsection.3.6.3}{\376\377\000M\000o\000d\000e\000l\000l\000i\000n\000g}{section.3.6}% 86
\BOOKMARK [2][-]{subsection.3.6.4}{\376\377\000M\000o\000d\000e\000l\000\040\000E\000v\000a\000l\000u\000a\000t\000i\000o\000n}{section.3.6}% 87
\BOOKMARK [2][-]{subsection.3.6.5}{\376\377\000D\000i\000s\000c\000u\000s\000s\000i\000o\000n\000\040\000o\000n\000\040\000P\000e\000r\000f\000o\000r\000m\000a\000n\000c\000e}{section.3.6}% 88
\BOOKMARK [0][-]{chapter.4}{\376\377\000F\000u\000r\000t\000h\000e\000r\000\040\000R\000e\000a\000d\000i\000n\000g}{}% 89
\BOOKMARK [1][-]{section.4.1}{\376\377\000M\000a\000t\000h\000e\000m\000a\000t\000i\000c\000\040\000T\000o\000p\000i\000c\000s\000\040\000r\000e\000c\000o\000m\000m\000e\000n\000d\000e\000d\000\040\000b\000y\000\040\000C\000h\000a\000t\000G\000P\000T}{chapter.4}% 90
\BOOKMARK [1][-]{section.4.2}{\376\377\000C\000o\000u\000r\000s\000e\000s\000\040\000r\000e\000c\000o\000m\000m\000e\000n\000d\000e\000d\000\040\000b\000y\000\040\000C\000h\000a\000t\000G\000P\000T}{chapter.4}% 91
\BOOKMARK [1][-]{section.4.3}{\376\377\000B\000o\000o\000k\000s\000\040\000r\000e\000c\000o\000m\000m\000e\000n\000d\000e\000d\000\040\000b\000y\000\040\000C\000h\000a\000t\000G\000P\000T}{chapter.4}% 92
